<?xml version="1.0" encoding="UTF-8" ?>
<testsuites>
<testsuite name="Orders:" errors="0" tests="0" failures="0" time="0" timestamp="2015-02-09T19:25:28">
</testsuite>
<testsuite name="Orders:.List:" errors="0" tests="1" failures="0" time="175.372" timestamp="2015-02-09T19:22:33">
  <testcase classname="Orders:.List:" name="Url should match awaiting list" time="25.764"></testcase>
</testsuite>
<testsuite name="Orders:.List:.Title:" errors="0" tests="3" failures="0" time="43.069" timestamp="2015-02-09T19:22:59">
  <testcase classname="Orders:.List:.Title:" name="First title should be orders" time="5.343"></testcase>
  <testcase classname="Orders:.List:.Title:" name="Right click on header should show list of titles" time="10.265"></testcase>
  <testcase classname="Orders:.List:.Title:" name="Click on a title in the list to view it in the table" time="27.46"></testcase>
</testsuite>
<testsuite name="Orders:.List:.Select:" errors="0" tests="3" failures="0" time="106.537" timestamp="2015-02-09T19:23:42">
  <testcase classname="Orders:.List:.Select:" name="Duplicates the selected order" time="31.854"></testcase>
  <testcase classname="Orders:.List:.Select:" name="Modifies the status of selected order" time="42.409"></testcase>
  <testcase classname="Orders:.List:.Select:" name="Deletes the selected order from the list" time="32.274"></testcase>
</testsuite>
</testsuites>